The system is: Windows - 10.0.18362 - AMD64
Compiling the CXX compiler identification source file "CMakeCXXCompilerId.cpp" succeeded.
Compiler: C:/Program Files (x86)/Microsoft Visual Studio/2017/BuildTools/VC/Tools/MSVC/14.16.27023/bin/HostX86/x64/cl.exe 
Build flags: 
Id flags:  

The output was:
0
Microsoft (R) C/C++ Optimizing Compiler versione 19.16.27043 per x64
Copyright (C) Microsoft Corporation. Tutti i diritti  sono riservati.

CMakeCXXCompilerId.cpp
Microsoft (R) Incremental Linker Version 14.16.27043.0
Copyright (C) Microsoft Corporation.  All rights reserved.

/out:CMakeCXXCompilerId.exe 
CMakeCXXCompilerId.obj 


Compilation of the CXX compiler identification source "CMakeCXXCompilerId.cpp" produced "CMakeCXXCompilerId.exe"

Compilation of the CXX compiler identification source "CMakeCXXCompilerId.cpp" produced "CMakeCXXCompilerId.obj"

The CXX compiler identification is MSVC, found in "C:/Users/Matteo/Documents/QtProjects/TaskST/build-browserWindowProcess-Desktop_Qt_5_15_1_MSVC2015_64bit-Debug/CMakeFiles/3.18.2/CompilerIdCXX/CMakeCXXCompilerId.exe"

Detecting CXX compiler ABI info compiled with the following output:
Change Dir: C:/Users/Matteo/Documents/QtProjects/TaskST/build-browserWindowProcess-Desktop_Qt_5_15_1_MSVC2015_64bit-Debug/CMakeFiles/CMakeTmp

Run Build Command(s):C:/PROGRA~2/MICROS~3/2017/BUILDT~1/Common7/IDE/COMMON~1/MICROS~1/CMake/Ninja/ninja.exe cmTC_3b92d && [1/2] Building CXX object CMakeFiles\cmTC_3b92d.dir\CMakeCXXCompilerABI.cpp.obj
[2/2] Linking CXX executable cmTC_3b92d.exe



